<?xml version="1.0" encoding="UTF-8"?>
<testsuite xmlns:xsi="http://www.w3.org/2001/XMLSchema-instance" xsi:noNamespaceSchemaLocation="https://maven.apache.org/surefire/maven-surefire-plugin/xsd/surefire-test-report-3.0.xsd" version="3.0" name="com.example.server.ServerApplicationTests" time="16.089" tests="1" errors="0" skipped="0" failures="0">
  <properties>
[...]
</properties>
  <testcase name="contextLoads" classname="com.example.server.ServerApplicationTests" time="1.088">
    <system-out><![CDATA[19:28:01.613 [main] INFO org.springframework.test.context.support.AnnotationConfigContextLoaderUtils -- Could not detect default configuration classes for test class [com.example.server.ServerApplicationTests]: ServerApplicationTests does not declare any static, non-private, non-final, nested classes annotated with @Configuration.
19:28:02.020 [main] INFO org.springframework.boot.test.context.SpringBootTestContextBootstrapper -- Found @SpringBootConfiguration com.example.server.ServerApplication for test class com.example.server.ServerApplicationTests
19:28:02.783 [main] INFO org.springframework.boot.devtools.restart.RestartApplicationListener -- Restart disabled due to context in which it is running

  .   ____          _            __ _ _
 /\\ / ___'_ __ _ _(_)_ __  __ _ \ \ \ \
( ( )\___ | '_ | '_| | '_ \/ _` | \ \ \ \
 \\/  ___)| |_)| | | | | || (_| |  ) ) ) )
  '  |____| .__|_| |_|_| |_\__, | / / / /
 =========|_|==============|___/=/_/_/_/
 :: Spring Boot ::                (v3.2.3)

2024-05-01T19:28:03.727+02:00  INFO 3336 --- [server] [           main] c.example.server.ServerApplicationTests  : Starting ServerApplicationTests using Java 17.0.10 with PID 3336 (started by andon in D:\Deusto 23-24\SPQ\BSPQ23-E4\LuxWheels\server)
2024-05-01T19:28:03.735+02:00  INFO 3336 --- [server] [           main] c.example.server.ServerApplicationTests  : No active profile set, falling back to 1 default profile: "default"
2024-05-01T19:28:05.996+02:00  INFO 3336 --- [server] [           main] .s.d.r.c.RepositoryConfigurationDelegate : Bootstrapping Spring Data JPA repositories in DEFAULT mode.
2024-05-01T19:28:06.168+02:00  INFO 3336 --- [server] [           main] .s.d.r.c.RepositoryConfigurationDelegate : Finished Spring Data repository scanning in 149 ms. Found 4 JPA repository interfaces.
2024-05-01T19:28:07.634+02:00  INFO 3336 --- [server] [           main] o.hibernate.jpa.internal.util.LogHelper  : HHH000204: Processing PersistenceUnitInfo [name: default]
2024-05-01T19:28:07.878+02:00  INFO 3336 --- [server] [           main] org.hibernate.Version                    : HHH000412: Hibernate ORM core version 6.4.4.Final
2024-05-01T19:28:08.014+02:00  INFO 3336 --- [server] [           main] o.h.c.internal.RegionFactoryInitiator    : HHH000026: Second-level cache disabled
2024-05-01T19:28:08.988+02:00  INFO 3336 --- [server] [           main] o.s.o.j.p.SpringPersistenceUnitInfo      : No LoadTimeWeaver setup: ignoring JPA class transformer
2024-05-01T19:28:09.099+02:00  INFO 3336 --- [server] [           main] com.zaxxer.hikari.HikariDataSource       : HikariPool-1 - Starting...
2024-05-01T19:28:10.047+02:00  INFO 3336 --- [server] [           main] com.zaxxer.hikari.pool.HikariPool        : HikariPool-1 - Added connection com.mysql.cj.jdbc.ConnectionImpl@114ef80a
2024-05-01T19:28:10.056+02:00  INFO 3336 --- [server] [           main] com.zaxxer.hikari.HikariDataSource       : HikariPool-1 - Start completed.
2024-05-01T19:28:13.226+02:00  INFO 3336 --- [server] [           main] o.h.e.t.j.p.i.JtaPlatformInitiator       : HHH000489: No JTA platform available (set 'hibernate.transaction.jta.platform' to enable JTA platform integration)
2024-05-01T19:28:13.405+02:00  INFO 3336 --- [server] [           main] j.LocalContainerEntityManagerFactoryBean : Initialized JPA EntityManagerFactory for persistence unit 'default'
2024-05-01T19:28:14.889+02:00  WARN 3336 --- [server] [           main] JpaBaseConfiguration$JpaWebConfiguration : spring.jpa.open-in-view is enabled by default. Therefore, database queries may be performed during view rendering. Explicitly configure spring.jpa.open-in-view to disable this warning
2024-05-01T19:28:15.813+02:00  INFO 3336 --- [server] [           main] c.example.server.ServerApplicationTests  : Started ServerApplicationTests in 13.08 seconds (process running for 17.034)
]]></system-out>
  </testcase>
</testsuite>