<?xml version="1.0" encoding="UTF-8"?>
<testsuite xmlns:xsi="http://www.w3.org/2001/XMLSchema-instance" xsi:noNamespaceSchemaLocation="https://maven.apache.org/surefire/maven-surefire-plugin/xsd/surefire-test-report-3.0.xsd" version="3.0" name="com.example.client.ClientApplicationTests" time="2.433" tests="1" errors="0" skipped="0" failures="0">
  <properties>
[...]
</properties>
  <testcase name="contextLoads" classname="com.example.client.ClientApplicationTests" time="0.978">
    <system-out><![CDATA[08:15:38.661 [main] INFO org.springframework.test.context.support.AnnotationConfigContextLoaderUtils -- Could not detect default configuration classes for test class [com.example.client.ClientApplicationTests]: ClientApplicationTests does not declare any static, non-private, non-final, nested classes annotated with @Configuration.
08:15:38.751 [main] INFO org.springframework.boot.test.context.SpringBootTestContextBootstrapper -- Found @SpringBootConfiguration com.example.client.ClientApplication for test class com.example.client.ClientApplicationTests

  .   ____          _            __ _ _
 /\\ / ___'_ __ _ _(_)_ __  __ _ \ \ \ \
( ( )\___ | '_ | '_| | '_ \/ _` | \ \ \ \
 \\/  ___)| |_)| | | | | || (_| |  ) ) ) )
  '  |____| .__|_| |_|_| |_\__, | / / / /
 =========|_|==============|___/=/_/_/_/
 :: Spring Boot ::                (v3.2.3)

2024-04-06T08:15:39.330+02:00  INFO 4012 --- [client] [           main] c.example.client.ClientApplicationTests  : Starting ClientApplicationTests using Java 17.0.4.1 with PID 4012 (started by andon in C:\Users\andon\git\BSPQ23-E4\LuxWheels\client)
2024-04-06T08:15:39.334+02:00  INFO 4012 --- [client] [           main] c.example.client.ClientApplicationTests  : No active profile set, falling back to 1 default profile: "default"
2024-04-06T08:15:39.911+02:00  INFO 4012 --- [client] [           main] c.example.client.ClientApplicationTests  : Started ClientApplicationTests in 0.968 seconds (process running for 1.994)
]]></system-out>
  </testcase>
</testsuite>