<?xml version="1.0" encoding="UTF-8"?>
<testsuite xmlns:xsi="http://www.w3.org/2001/XMLSchema-instance" xsi:noNamespaceSchemaLocation="https://maven.apache.org/surefire/maven-surefire-plugin/xsd/surefire-test-report-3.0.xsd" version="3.0" name="com.example.client.ClientApplicationTests" time="1.321" tests="1" errors="0" skipped="0" failures="0">
  <properties>
[...]
</properties>
  <testcase name="contextLoads" classname="com.example.client.ClientApplicationTests" time="0.548">
    <system-out><![CDATA[10:28:27.543 [main] INFO org.springframework.test.context.support.AnnotationConfigContextLoaderUtils -- Could not detect default configuration classes for test class [com.example.client.ClientApplicationTests]: ClientApplicationTests does not declare any static, non-private, non-final, nested classes annotated with @Configuration.
10:28:27.627 [main] INFO org.springframework.boot.test.context.SpringBootTestContextBootstrapper -- Found @SpringBootConfiguration com.example.client.ClientApplication for test class com.example.client.ClientApplicationTests

  .   ____          _            __ _ _
 /\\ / ___'_ __ _ _(_)_ __  __ _ \ \ \ \
( ( )\___ | '_ | '_| | '_ \/ _` | \ \ \ \
 \\/  ___)| |_)| | | | | || (_| |  ) ) ) )
  '  |____| .__|_| |_|_| |_\__, | / / / /
 =========|_|==============|___/=/_/_/_/
 :: Spring Boot ::                (v3.2.3)

2024-04-08T10:28:27.852+02:00  INFO 45215 --- [client] [           main] c.example.client.ClientApplicationTests  : Starting ClientApplicationTests using Java 19.0.2 with PID 45215 (started by koenigm in /Users/koenigm/IdeaProjects/BSPQ23-E4/LuxWheels/client)
2024-04-08T10:28:27.853+02:00  INFO 45215 --- [client] [           main] c.example.client.ClientApplicationTests  : No active profile set, falling back to 1 default profile: "default"
2024-04-08T10:28:28.160+02:00  INFO 45215 --- [client] [           main] c.example.client.ClientApplicationTests  : Started ClientApplicationTests in 0.454 seconds (process running for 1.137)
]]></system-out>
  </testcase>
</testsuite>